{"type":"operationStart","subtype":"profile","data":{"_id":"yfOiXHWSZxa3UkrK","timestamp":"2023-12-12T13:16:24.157Z","state":"queued","mode":"standard","creationDate":"2023-12-12T13:16:24.161Z","modificationDate":"2023-12-12T13:16:24.161Z","shortid":"1AOEngy","inheritedReadPermissions":[],"inheritedEditPermissions":[],"$entitySet":"profiles"},"doDiffs":false,"timestamp":1702386984158,"id":"bvbzu65k0m28keu","previousOperationId":null,"operationId":"4joija0665axe8h"}
{"type":"log","level":"info","message":"Render request 1 queued for execution and waiting for available worker","previousOperationId":"4joija0665axe8h","timestamp":1702386984160,"id":"chh7z1qx4q5svdc"}
{"type":"operationStart","subtype":"render","name":"anonymous","previousOperationId":"4joija0665axe8h","timestamp":1702386984185,"id":"pn0k54y72rcqawe","previousEventId":"bvbzu65k0m28keu","operationId":"jkmr1pfnw3lzldi"}
{"type":"log","timestamp":1702386984186,"level":"info","message":"Starting rendering request 1 (user: admin)","meta":{"rootId":"k5hvfnhxumk5hgq","id":"k5hvfnhxumk5hgq"},"id":"6v8nhkeyf13ij8d","previousOperationId":"jkmr1pfnw3lzldi"}
{"type":"log","timestamp":1702386984186,"level":"info","message":"Rendering template { name: test, recipe: chrome-pdf, engine: handlebars, preview: true }","meta":{"rootId":"k5hvfnhxumk5hgq","id":"k5hvfnhxumk5hgq"},"id":"jgv2izvmhib5esp","previousOperationId":"jkmr1pfnw3lzldi"}
{"type":"log","timestamp":1702386984186,"level":"debug","message":"Data item not defined for this template.","meta":{"rootId":"k5hvfnhxumk5hgq","id":"k5hvfnhxumk5hgq"},"id":"1sx99u9s27qjz10","previousOperationId":"jkmr1pfnw3lzldi"}
{"type":"log","timestamp":1702386984187,"level":"debug","message":"Base url not specified, skipping its injection.","meta":{"rootId":"k5hvfnhxumk5hgq","id":"k5hvfnhxumk5hgq"},"id":"7kxat84tu1r6hnm","previousOperationId":"jkmr1pfnw3lzldi"}
{"type":"operationStart","subtype":"engine","name":"handlebars","timestamp":1702386984188,"id":"dy2wr3nivcnk84l","previousEventId":"pn0k54y72rcqawe","operationId":"yb21t5afyqckj4l","previousOperationId":"jkmr1pfnw3lzldi"}
{"type":"log","timestamp":1702386984188,"level":"debug","message":"Rendering engine handlebars","meta":{"rootId":"k5hvfnhxumk5hgq","id":"k5hvfnhxumk5hgq"},"id":"ri97ahamtysjk9g","previousOperationId":"yb21t5afyqckj4l"}
{"type":"operationEnd","operationId":"yb21t5afyqckj4l","timestamp":1702386984400,"id":"o1x56lxq8ye8i3d","previousEventId":"dy2wr3nivcnk84l","previousOperationId":"yb21t5afyqckj4l"}
{"type":"operationStart","subtype":"recipe","name":"chrome-pdf","timestamp":1702386984400,"id":"6581taf6otz76ia","previousEventId":"o1x56lxq8ye8i3d","operationId":"bnm85d6sfd24bwn","previousOperationId":"yb21t5afyqckj4l"}
{"type":"log","timestamp":1702386984400,"level":"debug","message":"Executing recipe chrome-pdf","meta":{"rootId":"k5hvfnhxumk5hgq","id":"k5hvfnhxumk5hgq"},"id":"zsl27kzzh8zd9uu","previousOperationId":"bnm85d6sfd24bwn"}
{"type":"log","timestamp":1702386984800,"level":"debug","message":"Converting with chrome HeadlessChrome/117.0.5938.149 using chrome-pool strategy","meta":{"rootId":"k5hvfnhxumk5hgq","id":"k5hvfnhxumk5hgq"},"id":"whaegsb7t720o16","previousOperationId":"bnm85d6sfd24bwn"}
{"type":"log","timestamp":1702386984844,"level":"debug","message":"Page request: GET (document) file:///var/folders/z4/rhwg_hrx0cxb95ql1dty6fm40000gn/T/jsreport/autocleanup/fa5ae429-bb20-4b92-8d06-16e79ba98c65-chrome-pdf.html","meta":{"rootId":"k5hvfnhxumk5hgq","id":"k5hvfnhxumk5hgq"},"id":"q1vd9z4aomlp649","previousOperationId":"bnm85d6sfd24bwn"}
{"type":"log","timestamp":1702386984849,"level":"debug","message":"Page request: GET (stylesheet) file:///var/folders/z4/rhwg_hrx0cxb95ql1dty6fm40000gn/T/jsreport/autocleanup/styles.css","meta":{"rootId":"k5hvfnhxumk5hgq","id":"k5hvfnhxumk5hgq"},"id":"5q863k6phn8xenf","previousOperationId":"bnm85d6sfd24bwn"}
{"type":"log","timestamp":1702386984849,"level":"debug","message":"Page request: GET (stylesheet) https://cdn.jsdelivr.net/npm/bootstrap@5.2.3/dist/css/bootstrap.min.css","meta":{"rootId":"k5hvfnhxumk5hgq","id":"k5hvfnhxumk5hgq"},"id":"wqx1qlgpf1n9crm","previousOperationId":"bnm85d6sfd24bwn"}
{"type":"log","timestamp":1702386984849,"level":"debug","message":"Page request: GET (stylesheet) https://fonts.googleapis.com/css2?family=Open+Sans:ital,wght@0,300;0,400;0,500;0,600;0,700;0,800;1,300;1,400;1,500;1,600;1,700;1,800&display=swap","meta":{"rootId":"k5hvfnhxumk5hgq","id":"k5hvfnhxumk5hgq"},"id":"be0qdzu0t7wdwk2","previousOperationId":"bnm85d6sfd24bwn"}
{"type":"log","timestamp":1702386984850,"level":"debug","message":"Page request: GET (script) https://unpkg.com/@jsreport/browser-client/dist/jsreport.umd.js","meta":{"rootId":"k5hvfnhxumk5hgq","id":"k5hvfnhxumk5hgq"},"id":"fghwh534salwbzj","previousOperationId":"bnm85d6sfd24bwn"}
{"type":"log","timestamp":1702386984850,"level":"debug","message":"Page request: GET (stylesheet) https://unpkg.com/leaflet@1.9.3/dist/leaflet.css","meta":{"rootId":"k5hvfnhxumk5hgq","id":"k5hvfnhxumk5hgq"},"id":"lhmyo9545f35rlx","previousOperationId":"bnm85d6sfd24bwn"}
{"type":"log","timestamp":1702386984850,"level":"debug","message":"Page request: GET (script) https://unpkg.com/leaflet@1.9.3/dist/leaflet.js","meta":{"rootId":"k5hvfnhxumk5hgq","id":"k5hvfnhxumk5hgq"},"id":"oc0bf0le4qwkh95","previousOperationId":"bnm85d6sfd24bwn"}
{"type":"log","timestamp":1702386984850,"level":"debug","message":"Page request: GET (script) https://www.unpkg.com/suncalc@1.9.0/suncalc.js","meta":{"rootId":"k5hvfnhxumk5hgq","id":"k5hvfnhxumk5hgq"},"id":"7hg62wk6ho4rfeg","previousOperationId":"bnm85d6sfd24bwn"}
{"type":"log","timestamp":1702386984850,"level":"debug","message":"Page request: GET (script) https://unpkg.com/osmtogeojson/osmtogeojson.js","meta":{"rootId":"k5hvfnhxumk5hgq","id":"k5hvfnhxumk5hgq"},"id":"h4stpdalgbo1lwc","previousOperationId":"bnm85d6sfd24bwn"}
{"type":"log","timestamp":1702386984850,"level":"debug","message":"Page request: GET (script) https://unpkg.com/leaflet-shadow-simulator/dist/leaflet-shadow-simulator.umd.min.js","meta":{"rootId":"k5hvfnhxumk5hgq","id":"k5hvfnhxumk5hgq"},"id":"18d3b36i0yge8bl","previousOperationId":"bnm85d6sfd24bwn"}
{"type":"log","timestamp":1702386984851,"level":"debug","message":"Page request finished: GET (document) 200 file:///var/folders/z4/rhwg_hrx0cxb95ql1dty6fm40000gn/T/jsreport/autocleanup/fa5ae429-bb20-4b92-8d06-16e79ba98c65-chrome-pdf.html","meta":{"rootId":"k5hvfnhxumk5hgq","id":"k5hvfnhxumk5hgq"},"id":"5qwhvuyf3p3sc2h","previousOperationId":"bnm85d6sfd24bwn"}
{"type":"log","timestamp":1702386984851,"level":"warn","message":"Page request failed: GET (stylesheet) file:///var/folders/z4/rhwg_hrx0cxb95ql1dty6fm40000gn/T/jsreport/autocleanup/styles.css, failure: net::ERR_FILE_NOT_FOUND","meta":{"rootId":"k5hvfnhxumk5hgq","id":"k5hvfnhxumk5hgq"},"id":"66a506rcrc0yaki","previousOperationId":"bnm85d6sfd24bwn"}
{"type":"log","timestamp":1702386984851,"level":"debug","message":"(console:error) Failed to load resource: net::ERR_FILE_NOT_FOUND","meta":{"userLevel":true,"rootId":"k5hvfnhxumk5hgq","id":"k5hvfnhxumk5hgq"},"id":"oy7u9e1n6ov4ok7","previousOperationId":"bnm85d6sfd24bwn"}
{"type":"log","timestamp":1702386984940,"level":"debug","message":"Page request finished: GET (stylesheet) 200 https://fonts.googleapis.com/css2?family=Open+Sans:ital,wght@0,300;0,400;0,500;0,600;0,700;0,800;1,300;1,400;1,500;1,600;1,700;1,800&display=swap","meta":{"rootId":"k5hvfnhxumk5hgq","id":"k5hvfnhxumk5hgq"},"id":"0wl3f2lza2rn45t","previousOperationId":"bnm85d6sfd24bwn"}
{"type":"log","timestamp":1702386984944,"level":"debug","message":"Page request finished: GET (stylesheet) 200 https://unpkg.com/leaflet@1.9.3/dist/leaflet.css","meta":{"rootId":"k5hvfnhxumk5hgq","id":"k5hvfnhxumk5hgq"},"id":"mdkr5c33vwcvuf7","previousOperationId":"bnm85d6sfd24bwn"}
{"type":"log","timestamp":1702386984944,"level":"warn","message":"Page request failed: GET (script) 302 https://unpkg.com/osmtogeojson/osmtogeojson.js (redirect to: /osmtogeojson@3.0.0-beta.5/osmtogeojson.js)","meta":{"rootId":"k5hvfnhxumk5hgq","id":"k5hvfnhxumk5hgq"},"id":"6eowq07doyqk4rn","previousOperationId":"bnm85d6sfd24bwn"}
{"type":"log","timestamp":1702386984944,"level":"debug","message":"Page request: GET (script) https://unpkg.com/osmtogeojson@3.0.0-beta.5/osmtogeojson.js (redirect from: https://unpkg.com/osmtogeojson/osmtogeojson.js)","meta":{"rootId":"k5hvfnhxumk5hgq","id":"k5hvfnhxumk5hgq"},"id":"hsplfkj3aqx8y6i","previousOperationId":"bnm85d6sfd24bwn"}
{"type":"log","timestamp":1702386984945,"level":"warn","message":"Page request failed: GET (script) 302 https://unpkg.com/leaflet-shadow-simulator/dist/leaflet-shadow-simulator.umd.min.js (redirect to: /leaflet-shadow-simulator@0.38.0/dist/leaflet-shadow-simulator.umd.min.js)","meta":{"rootId":"k5hvfnhxumk5hgq","id":"k5hvfnhxumk5hgq"},"id":"siitr0p0q2gqx2j","previousOperationId":"bnm85d6sfd24bwn"}
{"type":"log","timestamp":1702386984945,"level":"debug","message":"Page request: GET (script) https://unpkg.com/leaflet-shadow-simulator@0.38.0/dist/leaflet-shadow-simulator.umd.min.js (redirect from: https://unpkg.com/leaflet-shadow-simulator/dist/leaflet-shadow-simulator.umd.min.js)","meta":{"rootId":"k5hvfnhxumk5hgq","id":"k5hvfnhxumk5hgq"},"id":"wec1b2c7br7k0fc","previousOperationId":"bnm85d6sfd24bwn"}
{"type":"log","timestamp":1702386984946,"level":"debug","message":"Page request finished: GET (stylesheet) 200 https://cdn.jsdelivr.net/npm/bootstrap@5.2.3/dist/css/bootstrap.min.css","meta":{"rootId":"k5hvfnhxumk5hgq","id":"k5hvfnhxumk5hgq"},"id":"qtqpeak5g1mt6f3","previousOperationId":"bnm85d6sfd24bwn"}
{"type":"log","timestamp":1702386984956,"level":"debug","message":"Page request finished: GET (script) 200 https://unpkg.com/leaflet@1.9.3/dist/leaflet.js","meta":{"rootId":"k5hvfnhxumk5hgq","id":"k5hvfnhxumk5hgq"},"id":"ddkguj9p0xu0wmp","previousOperationId":"bnm85d6sfd24bwn"}
{"type":"log","timestamp":1702386984958,"level":"debug","message":"Page request finished: GET (script) 200 https://www.unpkg.com/suncalc@1.9.0/suncalc.js","meta":{"rootId":"k5hvfnhxumk5hgq","id":"k5hvfnhxumk5hgq"},"id":"ioi2joh80lh2sy7","previousOperationId":"bnm85d6sfd24bwn"}
{"type":"log","timestamp":1702386984979,"level":"debug","message":"Page request finished: GET (script) 200 https://unpkg.com/osmtogeojson@3.0.0-beta.5/osmtogeojson.js","meta":{"rootId":"k5hvfnhxumk5hgq","id":"k5hvfnhxumk5hgq"},"id":"jml608sbe6jt0bl","previousOperationId":"bnm85d6sfd24bwn"}
{"type":"log","timestamp":1702386984984,"level":"debug","message":"Page request finished: GET (script) 200 https://unpkg.com/leaflet-shadow-simulator@0.38.0/dist/leaflet-shadow-simulator.umd.min.js","meta":{"rootId":"k5hvfnhxumk5hgq","id":"k5hvfnhxumk5hgq"},"id":"xp3lt6zgh7hhcyt","previousOperationId":"bnm85d6sfd24bwn"}
{"type":"log","timestamp":1702386985080,"level":"warn","message":"Page request failed: GET (script) 302 https://unpkg.com/@jsreport/browser-client/dist/jsreport.umd.js (redirect to: /@jsreport/browser-client@3.1.1/dist/jsreport.umd.js)","meta":{"rootId":"k5hvfnhxumk5hgq","id":"k5hvfnhxumk5hgq"},"id":"mmcchk3iueq03l2","previousOperationId":"bnm85d6sfd24bwn"}
{"type":"log","timestamp":1702386985080,"level":"debug","message":"Page request: GET (script) https://unpkg.com/@jsreport/browser-client@3.1.1/dist/jsreport.umd.js (redirect from: https://unpkg.com/@jsreport/browser-client/dist/jsreport.umd.js)","meta":{"rootId":"k5hvfnhxumk5hgq","id":"k5hvfnhxumk5hgq"},"id":"uq0rfeke5wegqyc","previousOperationId":"bnm85d6sfd24bwn"}
{"type":"log","timestamp":1702386985114,"level":"debug","message":"Page request finished: GET (script) 200 https://unpkg.com/@jsreport/browser-client@3.1.1/dist/jsreport.umd.js","meta":{"rootId":"k5hvfnhxumk5hgq","id":"k5hvfnhxumk5hgq"},"id":"8s8bamj8nwap4w5","previousOperationId":"bnm85d6sfd24bwn"}
{"type":"log","timestamp":1702386985143,"level":"debug","message":"Page request: OPTIONS (other) https://shademap.app/sdk/load","meta":{"rootId":"k5hvfnhxumk5hgq","id":"k5hvfnhxumk5hgq"},"id":"ygtmk8exhy4cxux","previousOperationId":"bnm85d6sfd24bwn"}
{"type":"log","timestamp":1702386985145,"level":"debug","message":"(console:error) Error name: TypeError","meta":{"userLevel":true,"rootId":"k5hvfnhxumk5hgq","id":"k5hvfnhxumk5hgq"},"id":"fmbuiyzlslckrhi","previousOperationId":"bnm85d6sfd24bwn"}
{"type":"log","timestamp":1702386985145,"level":"debug","message":"(console:error) Error message: Cannot read properties of null (reading 'createShader')","meta":{"userLevel":true,"rootId":"k5hvfnhxumk5hgq","id":"k5hvfnhxumk5hgq"},"id":"sc4uwbpzgnkm7cl","previousOperationId":"bnm85d6sfd24bwn"}
{"type":"log","timestamp":1702386985145,"level":"debug","message":"(console:error) Error stack: TypeError: Cannot read properties of null (reading 'createShader')\n    at A (https://unpkg.com/leaflet-shadow-simulator/dist/leaflet-shadow-simulator.umd.min.js:8:10245)\n    at _compiledKernel.context (https://unpkg.com/leaflet-shadow-simulator/dist/leaflet-shadow-simulator.umd.min.js:8:33233)\n    at new constructor (https://unpkg.com/leaflet-shadow-simulator/dist/leaflet-shadow-simulator.umd.min.js:8:47024)\n    at new ct (https://unpkg.com/leaflet-shadow-simulator/dist/leaflet-shadow-simulator.umd.min.js:8:54297)\n    at file:///var/folders/z4/rhwg_hrx0cxb95ql1dty6fm40000gn/T/jsreport/autocleanup/fa5ae429-bb20-4b92-8d06-16e79ba98c65-chrome-pdf.html:39:26","meta":{"userLevel":true,"rootId":"k5hvfnhxumk5hgq","id":"k5hvfnhxumk5hgq"},"id":"hnadh9fqs4ifg40","previousOperationId":"bnm85d6sfd24bwn"}
{"type":"log","timestamp":1702386985146,"level":"debug","message":"Page request: GET (image) https://tile.openstreetmap.org/18/135548/93049.png","meta":{"rootId":"k5hvfnhxumk5hgq","id":"k5hvfnhxumk5hgq"},"id":"2yl2xplg0mm9z7w","previousOperationId":"bnm85d6sfd24bwn"}
{"type":"log","timestamp":1702386985146,"level":"debug","message":"Page request: GET (image) https://tile.openstreetmap.org/18/135549/93049.png","meta":{"rootId":"k5hvfnhxumk5hgq","id":"k5hvfnhxumk5hgq"},"id":"opzh86rnugwxmqp","previousOperationId":"bnm85d6sfd24bwn"}
{"type":"log","timestamp":1702386985146,"level":"debug","message":"Page request: GET (image) https://tile.openstreetmap.org/18/135548/93050.png","meta":{"rootId":"k5hvfnhxumk5hgq","id":"k5hvfnhxumk5hgq"},"id":"jambwq7rl3bryw4","previousOperationId":"bnm85d6sfd24bwn"}
{"type":"log","timestamp":1702386985146,"level":"debug","message":"Page request: GET (image) https://tile.openstreetmap.org/18/135549/93050.png","meta":{"rootId":"k5hvfnhxumk5hgq","id":"k5hvfnhxumk5hgq"},"id":"cf60f34w5gr51ec","previousOperationId":"bnm85d6sfd24bwn"}
{"type":"log","timestamp":1702386985146,"level":"debug","message":"Page request: GET (image) https://tile.openstreetmap.org/18/135547/93049.png","meta":{"rootId":"k5hvfnhxumk5hgq","id":"k5hvfnhxumk5hgq"},"id":"fnu06ebjnylv9of","previousOperationId":"bnm85d6sfd24bwn"}
{"type":"log","timestamp":1702386985146,"level":"debug","message":"Page request: GET (image) https://tile.openstreetmap.org/18/135550/93049.png","meta":{"rootId":"k5hvfnhxumk5hgq","id":"k5hvfnhxumk5hgq"},"id":"kkh51khaocoecte","previousOperationId":"bnm85d6sfd24bwn"}
{"type":"log","timestamp":1702386985147,"level":"debug","message":"Page request: GET (image) https://tile.openstreetmap.org/18/135547/93050.png","meta":{"rootId":"k5hvfnhxumk5hgq","id":"k5hvfnhxumk5hgq"},"id":"t6oz815nr838mm8","previousOperationId":"bnm85d6sfd24bwn"}
{"type":"log","timestamp":1702386985147,"level":"debug","message":"Page request: GET (image) https://tile.openstreetmap.org/18/135550/93050.png","meta":{"rootId":"k5hvfnhxumk5hgq","id":"k5hvfnhxumk5hgq"},"id":"ab18qykoi2qc1xb","previousOperationId":"bnm85d6sfd24bwn"}
{"type":"log","timestamp":1702386985254,"level":"debug","message":"Page request finished: GET (image) 200 https://tile.openstreetmap.org/18/135550/93050.png","meta":{"rootId":"k5hvfnhxumk5hgq","id":"k5hvfnhxumk5hgq"},"id":"k632i2la2utgmf3","previousOperationId":"bnm85d6sfd24bwn"}
{"type":"log","timestamp":1702386985255,"level":"debug","message":"Page request finished: GET (image) 200 https://tile.openstreetmap.org/18/135548/93050.png","meta":{"rootId":"k5hvfnhxumk5hgq","id":"k5hvfnhxumk5hgq"},"id":"7luf614n3acunul","previousOperationId":"bnm85d6sfd24bwn"}
{"type":"log","timestamp":1702386985257,"level":"debug","message":"Page request: POST (fetch) https://shademap.app/sdk/load","meta":{"rootId":"k5hvfnhxumk5hgq","id":"k5hvfnhxumk5hgq"},"id":"906aik0kxnawjwr","previousOperationId":"bnm85d6sfd24bwn"}
{"type":"log","timestamp":1702386985257,"level":"debug","message":"Page request finished: OPTIONS (other) 200 https://shademap.app/sdk/load","meta":{"rootId":"k5hvfnhxumk5hgq","id":"k5hvfnhxumk5hgq"},"id":"zigxbvhyuhyq9vb","previousOperationId":"bnm85d6sfd24bwn"}
{"type":"log","timestamp":1702386985269,"level":"debug","message":"Page request finished: GET (image) 200 https://tile.openstreetmap.org/18/135549/93049.png","meta":{"rootId":"k5hvfnhxumk5hgq","id":"k5hvfnhxumk5hgq"},"id":"s11yx82tyjd40vr","previousOperationId":"bnm85d6sfd24bwn"}
{"type":"log","timestamp":1702386985269,"level":"debug","message":"Page request finished: GET (image) 200 https://tile.openstreetmap.org/18/135549/93050.png","meta":{"rootId":"k5hvfnhxumk5hgq","id":"k5hvfnhxumk5hgq"},"id":"hb91v817709trkz","previousOperationId":"bnm85d6sfd24bwn"}
{"type":"log","timestamp":1702386985271,"level":"debug","message":"Page request finished: GET (image) 200 https://tile.openstreetmap.org/18/135547/93050.png","meta":{"rootId":"k5hvfnhxumk5hgq","id":"k5hvfnhxumk5hgq"},"id":"wq4ay48y8y0a857","previousOperationId":"bnm85d6sfd24bwn"}
{"type":"log","timestamp":1702386985279,"level":"debug","message":"Page request finished: GET (image) 200 https://tile.openstreetmap.org/18/135547/93049.png","meta":{"rootId":"k5hvfnhxumk5hgq","id":"k5hvfnhxumk5hgq"},"id":"z2i2xs1v3ydtvgy","previousOperationId":"bnm85d6sfd24bwn"}
{"type":"log","timestamp":1702386985279,"level":"debug","message":"Page request finished: GET (image) 200 https://tile.openstreetmap.org/18/135548/93049.png","meta":{"rootId":"k5hvfnhxumk5hgq","id":"k5hvfnhxumk5hgq"},"id":"tbtgplj32dcvbxp","previousOperationId":"bnm85d6sfd24bwn"}
{"type":"log","timestamp":1702386985279,"level":"debug","message":"Page request finished: GET (image) 200 https://tile.openstreetmap.org/18/135550/93049.png","meta":{"rootId":"k5hvfnhxumk5hgq","id":"k5hvfnhxumk5hgq"},"id":"g3fzwmoanue96o8","previousOperationId":"bnm85d6sfd24bwn"}
{"type":"log","timestamp":1702386985280,"level":"debug","message":"Running chrome with params {\"printBackground\":true,\"timeout\":59616,\"margin\":{}}","meta":{"rootId":"k5hvfnhxumk5hgq","id":"k5hvfnhxumk5hgq"},"id":"r2si0b4ufnc5ad8","previousOperationId":"bnm85d6sfd24bwn"}
{"type":"operationEnd","operationId":"bnm85d6sfd24bwn","timestamp":1702386985312,"id":"6eaw9iin19cklb5","previousEventId":"6581taf6otz76ia","previousOperationId":"bnm85d6sfd24bwn"}
{"type":"log","timestamp":1702386985312,"level":"debug","message":"Skipping storing report.","meta":{"rootId":"k5hvfnhxumk5hgq","id":"k5hvfnhxumk5hgq"},"id":"9ih736u46ds2e3a","previousOperationId":"bnm85d6sfd24bwn"}
{"type":"log","timestamp":1702386985312,"level":"info","message":"Rendering request 1 finished in 1156 ms","meta":{"rootId":"k5hvfnhxumk5hgq","id":"k5hvfnhxumk5hgq"},"id":"pp781d6kqz4ui0o","previousOperationId":"bnm85d6sfd24bwn"}
{"type":"operationEnd","subtype":"render","operationId":"jkmr1pfnw3lzldi","timestamp":1702386985313,"id":"enpclqxwxxl79cn","previousEventId":"6eaw9iin19cklb5","previousOperationId":"bnm85d6sfd24bwn"}
{"type":"operationEnd","doDiffs":false,"previousEventId":"bvbzu65k0m28keu","previousOperationId":"4joija0665axe8h","operationId":"4joija0665axe8h","timestamp":1702386985316,"id":"nw6wuh98crfh2py"}
